2023-02-16 03:12:15 Error: [MissingControllerException] Controller class ServicesController could not be found.
Exception Attributes: array (
  'class' => 'ServicesController',
  'plugin' => NULL,
)
Request URL: /edsa-holyspace/services
Stack Trace:
#0 C:\workspace\php-server\holyspace\public_html\holyspace\index.php(111): Dispatcher->dispatch(Object(CakeRequest), Object(CakeResponse))
#1 {main}
2023-02-16 03:14:11 Error: [MissingActionException] Action ServicesController::index() could not be found.
Exception Attributes: array (
  'controller' => 'ServicesController',
  'action' => 'index',
)
Request URL: /edsa-holyspace/services
Stack Trace:
#0 C:\workspace\php-server\holyspace\cake\lib\Cake\Routing\Dispatcher.php(193): Controller->invokeAction(Object(CakeRequest))
#1 C:\workspace\php-server\holyspace\cake\lib\Cake\Routing\Dispatcher.php(167): Dispatcher->_invoke(Object(ServicesController), Object(CakeRequest))
#2 C:\workspace\php-server\holyspace\public_html\holyspace\index.php(111): Dispatcher->dispatch(Object(CakeRequest), Object(CakeResponse))
#3 {main}
2023-02-16 03:33:00 Error: Fatal Error (1): Call to a member function link() on null in [C:\workspace\php-server\holyspace\apps\holyspace\View\Services\index.ctp, line 20]
2023-02-16 03:33:00 Error: [FatalErrorException] Call to a member function link() on null
Request URL: /edsa-holyspace/services
Stack Trace:
#0 C:\workspace\php-server\holyspace\cake\lib\Cake\Error\ErrorHandler.php(212): ErrorHandler::handleFatalError(1, 'Call to a membe...', 'C:\\workspace\\ph...', 20)
#1 [internal function]: ErrorHandler::handleError(1, 'Call to a membe...', 'C:\\workspace\\ph...', 20, Array)
#2 C:\workspace\php-server\holyspace\cake\lib\Cake\Core\App.php(970): call_user_func('ErrorHandler::h...', 1, 'Call to a membe...', 'C:\\workspace\\ph...', 20, Array)
#3 C:\workspace\php-server\holyspace\cake\lib\Cake\Core\App.php(943): App::_checkFatalError()
#4 [internal function]: App::shutdown()
#5 {main}
2023-02-16 03:33:38 Error: Fatal Error (1): Call to a member function link() on null in [C:\workspace\php-server\holyspace\apps\holyspace\View\Services\index.ctp, line 20]
2023-02-16 03:33:38 Error: [FatalErrorException] Call to a member function link() on null
Request URL: /edsa-holyspace/services
Stack Trace:
#0 C:\workspace\php-server\holyspace\cake\lib\Cake\Error\ErrorHandler.php(212): ErrorHandler::handleFatalError(1, 'Call to a membe...', 'C:\\workspace\\ph...', 20)
#1 [internal function]: ErrorHandler::handleError(1, 'Call to a membe...', 'C:\\workspace\\ph...', 20, Array)
#2 C:\workspace\php-server\holyspace\cake\lib\Cake\Core\App.php(970): call_user_func('ErrorHandler::h...', 1, 'Call to a membe...', 'C:\\workspace\\ph...', 20, Array)
#3 C:\workspace\php-server\holyspace\cake\lib\Cake\Core\App.php(943): App::_checkFatalError()
#4 [internal function]: App::shutdown()
#5 {main}
2023-02-16 03:33:39 Error: Fatal Error (1): Call to a member function link() on null in [C:\workspace\php-server\holyspace\apps\holyspace\View\Services\index.ctp, line 20]
2023-02-16 03:33:39 Error: [FatalErrorException] Call to a member function link() on null
Request URL: /edsa-holyspace/services
Stack Trace:
#0 C:\workspace\php-server\holyspace\cake\lib\Cake\Error\ErrorHandler.php(212): ErrorHandler::handleFatalError(1, 'Call to a membe...', 'C:\\workspace\\ph...', 20)
#1 [internal function]: ErrorHandler::handleError(1, 'Call to a membe...', 'C:\\workspace\\ph...', 20, Array)
#2 C:\workspace\php-server\holyspace\cake\lib\Cake\Core\App.php(970): call_user_func('ErrorHandler::h...', 1, 'Call to a membe...', 'C:\\workspace\\ph...', 20, Array)
#3 C:\workspace\php-server\holyspace\cake\lib\Cake\Core\App.php(943): App::_checkFatalError()
#4 [internal function]: App::shutdown()
#5 {main}
2023-02-16 03:33:57 Error: Fatal Error (1): Call to a member function Link() on null in [C:\workspace\php-server\holyspace\apps\holyspace\View\Services\index.ctp, line 20]
2023-02-16 03:33:57 Error: [FatalErrorException] Call to a member function Link() on null
Request URL: /edsa-holyspace/services
Stack Trace:
#0 C:\workspace\php-server\holyspace\cake\lib\Cake\Error\ErrorHandler.php(212): ErrorHandler::handleFatalError(1, 'Call to a membe...', 'C:\\workspace\\ph...', 20)
#1 [internal function]: ErrorHandler::handleError(1, 'Call to a membe...', 'C:\\workspace\\ph...', 20, Array)
#2 C:\workspace\php-server\holyspace\cake\lib\Cake\Core\App.php(970): call_user_func('ErrorHandler::h...', 1, 'Call to a membe...', 'C:\\workspace\\ph...', 20, Array)
#3 C:\workspace\php-server\holyspace\cake\lib\Cake\Core\App.php(943): App::_checkFatalError()
#4 [internal function]: App::shutdown()
#5 {main}
2023-02-16 03:33:58 Error: Fatal Error (1): Call to a member function Link() on null in [C:\workspace\php-server\holyspace\apps\holyspace\View\Services\index.ctp, line 20]
2023-02-16 03:33:58 Error: [FatalErrorException] Call to a member function Link() on null
Request URL: /edsa-holyspace/services
Stack Trace:
#0 C:\workspace\php-server\holyspace\cake\lib\Cake\Error\ErrorHandler.php(212): ErrorHandler::handleFatalError(1, 'Call to a membe...', 'C:\\workspace\\ph...', 20)
#1 [internal function]: ErrorHandler::handleError(1, 'Call to a membe...', 'C:\\workspace\\ph...', 20, Array)
#2 C:\workspace\php-server\holyspace\cake\lib\Cake\Core\App.php(970): call_user_func('ErrorHandler::h...', 1, 'Call to a membe...', 'C:\\workspace\\ph...', 20, Array)
#3 C:\workspace\php-server\holyspace\cake\lib\Cake\Core\App.php(943): App::_checkFatalError()
#4 [internal function]: App::shutdown()
#5 {main}
2023-02-16 03:34:20 Error: [MissingActionException] Action ServicesController::view() could not be found.
Exception Attributes: array (
  'controller' => 'ServicesController',
  'action' => 'view',
)
Request URL: /edsa-holyspace/services/view/1
Stack Trace:
#0 C:\workspace\php-server\holyspace\cake\lib\Cake\Routing\Dispatcher.php(193): Controller->invokeAction(Object(CakeRequest))
#1 C:\workspace\php-server\holyspace\cake\lib\Cake\Routing\Dispatcher.php(167): Dispatcher->_invoke(Object(ServicesController), Object(CakeRequest))
#2 C:\workspace\php-server\holyspace\public_html\holyspace\index.php(111): Dispatcher->dispatch(Object(CakeRequest), Object(CakeResponse))
#3 {main}
2023-02-16 03:34:22 Error: [MissingActionException] Action ServicesController::view() could not be found.
Exception Attributes: array (
  'controller' => 'ServicesController',
  'action' => 'view',
)
Request URL: /edsa-holyspace/services/view/2
Stack Trace:
#0 C:\workspace\php-server\holyspace\cake\lib\Cake\Routing\Dispatcher.php(193): Controller->invokeAction(Object(CakeRequest))
#1 C:\workspace\php-server\holyspace\cake\lib\Cake\Routing\Dispatcher.php(167): Dispatcher->_invoke(Object(ServicesController), Object(CakeRequest))
#2 C:\workspace\php-server\holyspace\public_html\holyspace\index.php(111): Dispatcher->dispatch(Object(CakeRequest), Object(CakeResponse))
#3 {main}
2023-02-16 03:34:25 Error: [MissingActionException] Action ServicesController::view() could not be found.
Exception Attributes: array (
  'controller' => 'ServicesController',
  'action' => 'view',
)
Request URL: /edsa-holyspace/services/view/3
Stack Trace:
#0 C:\workspace\php-server\holyspace\cake\lib\Cake\Routing\Dispatcher.php(193): Controller->invokeAction(Object(CakeRequest))
#1 C:\workspace\php-server\holyspace\cake\lib\Cake\Routing\Dispatcher.php(167): Dispatcher->_invoke(Object(ServicesController), Object(CakeRequest))
#2 C:\workspace\php-server\holyspace\public_html\holyspace\index.php(111): Dispatcher->dispatch(Object(CakeRequest), Object(CakeResponse))
#3 {main}
2023-02-16 03:48:49 Error: [MissingActionException] Action ServicesController::view() could not be found.
Exception Attributes: array (
  'controller' => 'ServicesController',
  'action' => 'view',
)
Request URL: /edsa-holyspace/services/view/2
Stack Trace:
#0 C:\workspace\php-server\holyspace\cake\lib\Cake\Routing\Dispatcher.php(193): Controller->invokeAction(Object(CakeRequest))
#1 C:\workspace\php-server\holyspace\cake\lib\Cake\Routing\Dispatcher.php(167): Dispatcher->_invoke(Object(ServicesController), Object(CakeRequest))
#2 C:\workspace\php-server\holyspace\public_html\holyspace\index.php(111): Dispatcher->dispatch(Object(CakeRequest), Object(CakeResponse))
#3 {main}
